<?xml version="1.0" encoding="UTF-8"?>
<testng-results ignored="0" total="1" passed="1" failed="0" skipped="0">
  <reporter-output>
  </reporter-output>
  <suite started-at="2022-01-03T13:45:41 IST" name="Default suite" finished-at="2022-01-03T13:45:53 IST" duration-ms="12138">
    <groups>
    </groups>
    <test started-at="2022-01-03T13:45:41 IST" name="Default test" finished-at="2022-01-03T13:45:53 IST" duration-ms="12138">
      <class name="test.Demo$Testing">
        <test-method is-config="true" signature="launch()[pri:0, instance:test.Demo$Testing@58695725]" started-at="2022-01-03T13:45:26 IST" name="launch" finished-at="2022-01-03T13:45:41 IST" duration-ms="14917" status="PASS">
          <reporter-output>
          </reporter-output>
        </test-method> <!-- launch -->
        <test-method signature="launch()[pri:0, instance:test.Demo$Testing@58695725]" started-at="2022-01-03T13:45:41 IST" name="launch" finished-at="2022-01-03T13:45:53 IST" duration-ms="12037" status="PASS">
          <reporter-output>
          </reporter-output>
        </test-method> <!-- launch -->
      </class> <!-- test.Demo$Testing -->
    </test> <!-- Default test -->
  </suite> <!-- Default suite -->
</testng-results>
